Using pre-set license
Built from '2020.3/staging' branch; Version is '2020.3.4f1 (0abb6314276a) revision 703331'; Using compiler version '192528614'; Build Type 'Release'
OS: 'Windows 10 Home Single Language; OS build 18363.1316; Version 1909; 64bit' Language: 'ru' Physical Memory: 6012 MB
BatchMode: 1, IsHumanControllingUs: 0, StartBugReporterOnCrash: 0, Is64bit: 1, IsPro: 0

 COMMAND LINE ARGUMENTS:
Z:\Program Files\2020.3.4f1\Editor\Unity.exe
-adb2
-batchMode
-noUpm
-name
AssetImportWorker4
-projectPath
Z:/Ummy/UmmyProgrammer/PROJECT J/UnityGames/==TheCompanions==MPIT-Game==
-logFile
Logs/AssetImportWorker4.log
-srvPort
40536
Successfully changed project path to: Z:/Ummy/UmmyProgrammer/PROJECT J/UnityGames/==TheCompanions==MPIT-Game==
Z:/Ummy/UmmyProgrammer/PROJECT J/UnityGames/==TheCompanions==MPIT-Game==
Using Asset Import Pipeline V2.
Refreshing native plugins compatible for Editor in 193.53 ms, found 0 plugins.
Preloading 0 native plugins for Editor in 0.00 ms.
Initialize engine version: 2020.3.4f1 (0abb6314276a)
[Subsystems] Discovering subsystems at path Z:/Program Files/2020.3.4f1/Editor/Data/Resources/UnitySubsystems
[Subsystems] Discovering subsystems at path Z:/Ummy/UmmyProgrammer/PROJECT J/UnityGames/==TheCompanions==MPIT-Game==/Assets
GfxDevice: creating device client; threaded=0
Direct3D:
    Version:  Direct3D 11.0 [level 11.0]
    Renderer: NVIDIA GeForce GTX 950M (ID=0x139a)
    Vendor:   
    VRAM:     2007 MB
    Driver:   25.21.14.1722
Initialize mono
Mono path[0] = 'Z:/Program Files/2020.3.4f1/Editor/Data/Managed'
Mono path[1] = 'Z:/Program Files/2020.3.4f1/Editor/Data/MonoBleedingEdge/lib/mono/unityjit'
Mono config path = 'Z:/Program Files/2020.3.4f1/Editor/Data/MonoBleedingEdge/etc'
Using monoOptions --debugger-agent=transport=dt_socket,embedding=1,server=y,suspend=n,address=127.0.0.1:56728
Begin MonoManager ReloadAssembly
Registering precompiled unity dll's ...
Register platform support module: Z:/Program Files/2020.3.4f1/Editor/Data/PlaybackEngines/WebGLSupport/UnityEditor.WebGL.Extensions.dll
Register platform support module: Z:/Program Files/2020.3.4f1/Editor/Data/PlaybackEngines/WindowsStandaloneSupport/UnityEditor.WindowsStandalone.Extensions.dll
Registered in 0.003879 seconds.
Native extension for WindowsStandalone target not found
Native extension for WebGL target not found
Refreshing native plugins compatible for Editor in 158.88 ms, found 0 plugins.
Preloading 0 native plugins for Editor in 0.00 ms.
Mono: successfully reloaded assembly
- Completed reload, in  7.519 seconds
Platform modules already initialized, skipping
Registering precompiled user dll's ...
Registered in 0.005134 seconds.
Begin MonoManager ReloadAssembly
Native extension for WindowsStandalone target not found
Native extension for WebGL target not found
Refreshing native plugins compatible for Editor in 2.50 ms, found 0 plugins.
Preloading 0 native plugins for Editor in 0.00 ms.
Mono: successfully reloaded assembly
- Completed reload, in  2.618 seconds
Platform modules already initialized, skipping
========================================================================
Worker process is ready to serve import requests
Launched and connected shader compiler UnityShaderCompiler.exe after 1.32 seconds
Refreshing native plugins compatible for Editor in 1.03 ms, found 0 plugins.
Preloading 0 native plugins for Editor in 0.00 ms.
Unloading 1952 Unused Serialized files (Serialized files now loaded: 0)
System memory in use before: 94.3 MB.
System memory in use after: 94.4 MB.

Unloading 34 unused Assets to reduce memory usage. Loaded Objects now: 2382.
Total: 6.262900 ms (FindLiveObjects: 0.923100 ms CreateObjectMapping: 0.188200 ms MarkObjects: 5.010700 ms  DeleteObjects: 0.137300 ms)

========================================================================
Received Prepare
Refreshing native plugins compatible for Editor in 90.13 ms, found 0 plugins.
Preloading 0 native plugins for Editor in 0.00 ms.
Unloading 23 Unused Serialized files (Serialized files now loaded: 0)
System memory in use before: 52.8 MB.
System memory in use after: 52.9 MB.

Unloading 22 unused Assets to reduce memory usage. Loaded Objects now: 2382.
Total: 122.673700 ms (FindLiveObjects: 0.331300 ms CreateObjectMapping: 0.141500 ms MarkObjects: 122.155200 ms  DeleteObjects: 0.043200 ms)

AssetImportWorkerClient::OnTransportError - code=2 error=End of file
