Using pre-set license
Built from '2020.3/staging' branch; Version is '2020.3.4f1 (0abb6314276a) revision 703331'; Using compiler version '192528614'; Build Type 'Release'
OS: 'Windows 10 Home Single Language; OS build 18363.1316; Version 1909; 64bit' Language: 'ru' Physical Memory: 6012 MB
BatchMode: 1, IsHumanControllingUs: 0, StartBugReporterOnCrash: 0, Is64bit: 1, IsPro: 0

 COMMAND LINE ARGUMENTS:
Z:\Program Files\2020.3.4f1\Editor\Unity.exe
-adb2
-batchMode
-noUpm
-name
AssetImportWorker1
-projectPath
Z:/Ummy/UmmyProgrammer/PROJECT J/UnityGames/==TheCompanions==MPIT-Game==
-logFile
Logs/AssetImportWorker1.log
-srvPort
40536
Successfully changed project path to: Z:/Ummy/UmmyProgrammer/PROJECT J/UnityGames/==TheCompanions==MPIT-Game==
Z:/Ummy/UmmyProgrammer/PROJECT J/UnityGames/==TheCompanions==MPIT-Game==
Using Asset Import Pipeline V2.
Refreshing native plugins compatible for Editor in 289.12 ms, found 0 plugins.
Preloading 0 native plugins for Editor in 0.00 ms.
Initialize engine version: 2020.3.4f1 (0abb6314276a)
[Subsystems] Discovering subsystems at path Z:/Program Files/2020.3.4f1/Editor/Data/Resources/UnitySubsystems
[Subsystems] Discovering subsystems at path Z:/Ummy/UmmyProgrammer/PROJECT J/UnityGames/==TheCompanions==MPIT-Game==/Assets
GfxDevice: creating device client; threaded=0
Direct3D:
    Version:  Direct3D 11.0 [level 11.0]
    Renderer: NVIDIA GeForce GTX 950M (ID=0x139a)
    Vendor:   
    VRAM:     2007 MB
    Driver:   25.21.14.1722
Initialize mono
Mono path[0] = 'Z:/Program Files/2020.3.4f1/Editor/Data/Managed'
Mono path[1] = 'Z:/Program Files/2020.3.4f1/Editor/Data/MonoBleedingEdge/lib/mono/unityjit'
Mono config path = 'Z:/Program Files/2020.3.4f1/Editor/Data/MonoBleedingEdge/etc'
Using monoOptions --debugger-agent=transport=dt_socket,embedding=1,server=y,suspend=n,address=127.0.0.1:56960
Begin MonoManager ReloadAssembly
