
=== Wed Feb 26 16:37:04 2020

Packages were changed.
Update Mode: mergeDefaultDependencies

The following packages were updated:
  com.unity.analytics from version 3.2.2 to 3.3.2
  com.unity.collab-proxy from version 1.2.9 to 1.2.16
  com.unity.package-manager-ui from version 2.1.1 to 2.1.2
  com.unity.purchasing from version 2.0.1 to 2.0.6
  com.unity.textmeshpro from version 1.3.0 to 2.0.0
  com.unity.timeline from version 0.0.0-builtin to 1.0.0

=== Thu Feb 27 00:31:47 2020

Packages were changed.
Update Mode: updateDependencies

The following packages were added:
  com.unity.2d.tilemap@1.0.0
  com.unity.ext.nunit@1.0.0
  com.unity.test-framework@1.0.13
  com.unity.2d.sprite@1.0.0
  com.unity.ide.vscode@1.1.2
  com.unity.ide.rider@1.1.0
  com.unity.ugui@1.0.0
  com.unity.modules.androidjni@1.0.0
The following packages were updated:
  com.unity.package-manager-ui from version 2.1.2 to 2.2.0
  com.unity.textmeshpro from version 2.0.0 to 2.0.1
  com.unity.timeline from version 1.0.0 to 1.1.0

=== Thu Feb 27 17:39:46 2020

Packages were changed.
Update Mode: updateDependencies

The following packages were updated:
  com.unity.analytics from version 3.3.2 to 3.3.5
  com.unity.ide.rider from version 1.1.0 to 1.1.4
  com.unity.ide.vscode from version 1.1.2 to 1.1.4
  com.unity.test-framework from version 1.0.13 to 1.1.11
  com.unity.timeline from version 1.1.0 to 1.2.10
The following packages were removed:
  com.unity.package-manager-ui@2.2.0

=== Wed May  6 22:35:59 2020

Packages were changed.
Update Mode: resetToDefaultDependencies

The following packages were removed:
  com.unity.2d.sprite@1.0.0
  com.unity.2d.tilemap@1.0.0
  com.unity.ads@2.0.8
  com.unity.analytics@3.3.5
  com.unity.cinemachine@2.5.0
  com.unity.ext.nunit@1.0.0
  com.unity.postprocessing@2.3.0
  com.unity.purchasing@2.0.6

=== Thu May  7 13:45:15 2020

Packages were changed.
Update Mode: resetToDefaultDependencies

The following packages were added:
  com.unity.analytics@3.2.2
  com.unity.purchasing@2.0.3
  com.unity.ads@2.0.8
  com.unity.package-manager-ui@2.0.3
The following packages were updated:
  com.unity.textmeshpro from version 2.0.1 to 1.3.0
  com.unity.collab-proxy from version 1.2.16 to 1.2.15
The following packages were removed:
  com.unity.2d.sprite@1.0.0
  com.unity.2d.tilemap@1.0.0
  com.unity.cinemachine@2.5.0
  com.unity.ide.rider@1.1.4
  com.unity.ide.vscode@1.1.4
  com.unity.postprocessing@2.3.0
  com.unity.test-framework@1.1.11
  com.unity.timeline@1.2.10
  com.unity.ugui@1.0.0
  com.unity.modules.androidjni@1.0.0

=== Thu May  7 13:59:04 2020

Packages were changed.
Update Mode: updateDependencies

The following packages were added:
  com.unity.2d.sprite@1.0.0
  com.unity.2d.tilemap@1.0.0
  com.unity.ide.rider@1.1.4
  com.unity.ide.vscode@1.1.4
  com.unity.modules.androidjni@1.0.0
  com.unity.multiplayer-hlapi@1.0.4
  com.unity.test-framework@1.1.11
  com.unity.timeline@1.2.10
  com.unity.ugui@1.0.0
  com.unity.xr.legacyinputhelpers@1.3.8
The following packages were updated:
  com.unity.analytics from version 3.2.2 to 3.3.5
  com.unity.cinemachine from version 2.2.9 to 2.3.3
  com.unity.collab-proxy from version 1.2.15 to 1.2.16
  com.unity.purchasing from version 2.0.3 to 2.0.6
  com.unity.textmeshpro from version 1.3.0 to 2.0.1
The following packages were removed:
  com.unity.package-manager-ui@2.0.3

=== Wed Apr 21 00:00:50 2021

Packages were changed.
Update Mode: updateDependencies

The following packages were added:
  com.unity.ide.visualstudio@2.0.7
The following packages were updated:
  com.unity.2d.spriteshape from version 3.0.11 to 5.1.1
  com.unity.ads from version 2.0.8 to 3.6.1
  com.unity.analytics from version 3.3.5 to 3.5.3
  com.unity.collab-proxy from version 1.2.16 to 1.3.9
  com.unity.ide.rider from version 1.1.4 to 2.0.7
  com.unity.ide.vscode from version 1.1.4 to 1.2.3
  com.unity.purchasing from version 2.0.6 to 2.2.2
  com.unity.test-framework from version 1.1.11 to 1.1.24
  com.unity.textmeshpro from version 2.0.1 to 3.0.1
  com.unity.timeline from version 1.2.14 to 1.4.7
  com.unity.xr.legacyinputhelpers from version 1.3.8 to 2.1.7
